Godot Engine v3.3.2.stable.official - https://godotengine.org
OpenGL ES 3.0 Renderer: GeForce GT 540M/PCIe/SSE2
OpenGL ES Batching: ON
 
**WARNING**: Font oversampling does not work in "Viewport" stretch mode, only "2D". To remove this warning, disable Rendering > Quality > Dynamic Fonts > Use Oversampling in the Project Settings.
   At: scene/main/scene_tree.cpp:1244:_update_root_rect() - Font oversampling does not work in "Viewport" stretch mode, only "2D". To remove this warning, disable Rendering > Quality > Dynamic Fonts > Use Oversampling in the Project Settings.
**ERROR**: (Node not found: "/root/Scene/CanvasLayer/Analog" (absolute path attempted from "/root/Global").)
   At: scene/main/node.cpp:1368:get_node() - Condition "!node" is true. Returned: __null
**ERROR**: (Node not found: "/root/Scene/CanvasLayer/Dialogue/Panel/Text" (absolute path attempted from "/root/Dialogue").)
   At: scene/main/node.cpp:1368:get_node() - Condition "!node" is true. Returned: __null
**ERROR**: (Node not found: "/root/Scene/CanvasLayer/Dialogue/Panel/Tween" (absolute path attempted from "/root/Dialogue").)
   At: scene/main/node.cpp:1368:get_node() - Condition "!node" is true. Returned: __null
**ERROR**: (Node not found: "/root/Scene/CanvasLayer/Dialogue/Panel/CenterContainer/GridContainer" (absolute path attempted from "/root/Dialogue").)
   At: scene/main/node.cpp:1368:get_node() - Condition "!node" is true. Returned: __null
**ERROR**: (Node not found: "/root/Scene/CanvasLayer/Dialogue/Panel/Portrait" (absolute path attempted from "/root/Dialogue").)
   At: scene/main/node.cpp:1368:get_node() - Condition "!node" is true. Returned: __null
**ERROR**: (Node not found: "/root/Scene/CanvasLayer/Dialogue/Panel/Name" (absolute path attempted from "/root/Dialogue").)
   At: scene/main/node.cpp:1368:get_node() - Condition "!node" is true. Returned: __null
**ERROR**: (Node not found: "/root/Scene/CanvasLayer/Dialogue/Panel/Text" (absolute path attempted from "/root/@Dialogue@3").)
   At: scene/main/node.cpp:1368:get_node() - Condition "!node" is true. Returned: __null
**ERROR**: (Node not found: "/root/Scene/CanvasLayer/Dialogue/Panel/Tween" (absolute path attempted from "/root/@Dialogue@3").)
   At: scene/main/node.cpp:1368:get_node() - Condition "!node" is true. Returned: __null
**ERROR**: (Node not found: "/root/Scene/CanvasLayer/Dialogue/Panel/CenterContainer/GridContainer" (absolute path attempted from "/root/@Dialogue@3").)
   At: scene/main/node.cpp:1368:get_node() - Condition "!node" is true. Returned: __null
**ERROR**: (Node not found: "/root/Scene/CanvasLayer/Dialogue/Panel/Portrait" (absolute path attempted from "/root/@Dialogue@3").)
   At: scene/main/node.cpp:1368:get_node() - Condition "!node" is true. Returned: __null
**ERROR**: (Node not found: "/root/Scene/CanvasLayer/Dialogue/Panel/Name" (absolute path attempted from "/root/@Dialogue@3").)
   At: scene/main/node.cpp:1368:get_node() - Condition "!node" is true. Returned: __null
